This file contains any messages produced by compilers while
running configure, to aid debugging if configure makes a mistake.

It was created by configure, which was
generated by GNU Autoconf 2.68.  Invocation command line was

  $ ./configure --host=arm-hsan-linux-uclibcgnueabi --prefix=/home/huangzhe/tools/install --enable-maintainer-mode host_alias=arm-hsan-linux-uclibcgnueabi --no-create --no-recursion

## --------- ##
## Platform. ##
## --------- ##

hostname = ubuntu-hadoop
uname -m = i686
uname -r = 3.2.0-29-generic-pae
uname -s = Linux
uname -v = #46-Ubuntu SMP Fri Jul 27 17:25:43 UTC 2012

/usr/bin/uname -p = unknown
/bin/uname -X     = unknown

/bin/arch              = unknown
/usr/bin/arch -k       = unknown
/usr/convex/getsysinfo = unknown
/usr/bin/hostinfo      = unknown
/bin/machine           = unknown
/usr/bin/oslevel       = unknown
/bin/universe          = unknown

PATH: /home/huangzhe/tools/toolchain/bin
PATH: /home/huangzhe/.rbenv/shims
PATH: /home/huangzhe/.rbenv/bin
PATH: /usr/local/sbin
PATH: /usr/local/bin
PATH: /usr/sbin
PATH: /usr/bin
PATH: /sbin
PATH: /bin
PATH: /usr/games
PATH: /home/huangzhe/tools/apache-maven-3.2.2/bin
PATH: /usr/local/jdk/jdk1.6.0_34/bin


## ----------- ##
## Core tests. ##
## ----------- ##

configure:2371: checking for arm-hsan-linux-uclibcgnueabi-gcc
configure:2387: found /home/huangzhe/tools/toolchain/bin/arm-hsan-linux-uclibcgnueabi-gcc
configure:2398: result: arm-hsan-linux-uclibcgnueabi-gcc
configure:2667: checking for C compiler version
configure:2676: arm-hsan-linux-uclibcgnueabi-gcc --version >&5
arm-hsan-linux-uclibcgnueabi-gcc (crosstool-NG 1.13.2 - hsan-5115) 4.4.6
Copyright (C) 2010 Free Software Foundation, Inc.
This is free software; see the source for copying conditions.  There is NO
warranty; not even for MERCHANTABILITY or FITNESS FOR A PARTICULAR PURPOSE.

configure:2687: $? = 0
configure:2676: arm-hsan-linux-uclibcgnueabi-gcc -v >&5
Using built-in specs.
Target: arm-hsan-linux-uclibcgnueabi
Configured with: /home/majun/ct-ng/ct-ng_build/build_target/src/gcc-4.4.6/configure --build=i686-build_pc-linux-gnu --host=i686-build_pc-linux-gnu --target=arm-hsan-linux-uclibcgnueabi --prefix=/home/majun/ct-ng/ct-ng_build/../x-tools/arm-hsan-linux-uclibcgnueabi --with-sysroot=/home/majun/ct-ng/ct-ng_build/../x-tools/arm-hsan-linux-uclibcgnueabi/arm-hsan-linux-uclibcgnueabi/sysroot --enable-languages=c,c++ --disable-multilib --with-float=soft --with-pkgversion='crosstool-NG 1.13.2 - hsan-5115' --enable-__cxa_atexit --disable-libmudflap --disable-libgomp --disable-libssp --with-gmp=/home/majun/ct-ng/ct-ng_build/build_target/arm-hsan-linux-uclibcgnueabi/build/static --with-mpfr=/home/majun/ct-ng/ct-ng_build/build_target/arm-hsan-linux-uclibcgnueabi/build/static --with-ppl=/home/majun/ct-ng/ct-ng_build/build_target/arm-hsan-linux-uclibcgnueabi/build/static --with-cloog=/home/majun/ct-ng/ct-ng_build/build_target/arm-hsan-linux-uclibcgnueabi/build/static --with-host-libstdcxx='-static-libgcc -Wl,-Bstatic,-lstdc++,-Bdynamic -lm' --enable-threads=posix --enable-target-optspace --with-local-prefix=/home/majun/ct-ng/ct-ng_build/../x-tools/arm-hsan-linux-uclibcgnueabi/arm-hsan-linux-uclibcgnueabi/sysroot --disable-nls --enable-c99 --enable-long-long
Thread model: posix
gcc version 4.4.6 (crosstool-NG 1.13.2 - hsan-5115) 
configure:2687: $? = 0
configure:2676: arm-hsan-linux-uclibcgnueabi-gcc -V >&5
arm-hsan-linux-uclibcgnueabi-gcc: '-V' option must have argument
configure:2687: $? = 1
configure:2676: arm-hsan-linux-uclibcgnueabi-gcc -qversion >&5
arm-hsan-linux-uclibcgnueabi-gcc: unrecognized option '-qversion'
arm-hsan-linux-uclibcgnueabi-gcc: no input files
configure:2687: $? = 1
configure:2707: checking whether the C compiler works
configure:2729: arm-hsan-linux-uclibcgnueabi-gcc    conftest.c  >&5
configure:2733: $? = 0
configure:2781: result: yes
configure:2784: checking for C compiler default output file name
configure:2786: result: a.out
configure:2792: checking for suffix of executables
configure:2799: arm-hsan-linux-uclibcgnueabi-gcc -o conftest    conftest.c  >&5
configure:2803: $? = 0
configure:2825: result: 
configure:2847: checking whether we are cross compiling
configure:2855: arm-hsan-linux-uclibcgnueabi-gcc -o conftest    conftest.c  >&5
configure:2859: $? = 0
configure:2866: ./conftest
./configure: line 2868: ./conftest: cannot execute binary file
configure:2870: $? = 126
configure:2885: result: yes
configure:2890: checking for suffix of object files
configure:2912: arm-hsan-linux-uclibcgnueabi-gcc -c   conftest.c >&5
configure:2916: $? = 0
configure:2937: result: o
configure:2941: checking whether we are using the GNU C compiler
configure:2960: arm-hsan-linux-uclibcgnueabi-gcc -c   conftest.c >&5
configure:2960: $? = 0
configure:2969: result: yes
configure:2978: checking whether arm-hsan-linux-uclibcgnueabi-gcc accepts -g
configure:2998: arm-hsan-linux-uclibcgnueabi-gcc -c -g  conftest.c >&5
configure:2998: $? = 0
configure:3039: result: yes
configure:3056: checking for arm-hsan-linux-uclibcgnueabi-gcc option to accept ISO C89
configure:3120: arm-hsan-linux-uclibcgnueabi-gcc  -c -g -O2  conftest.c >&5
configure:3120: $? = 0
configure:3133: result: none needed
configure:3167: checking for arm-hsan-linux-uclibcgnueabi-g++
configure:3183: found /home/huangzhe/tools/toolchain/bin/arm-hsan-linux-uclibcgnueabi-g++
configure:3194: result: arm-hsan-linux-uclibcgnueabi-g++
configure:3265: checking for C++ compiler version
configure:3274: arm-hsan-linux-uclibcgnueabi-g++ --version >&5
arm-hsan-linux-uclibcgnueabi-g++ (crosstool-NG 1.13.2 - hsan-5115) 4.4.6
Copyright (C) 2010 Free Software Foundation, Inc.
This is free software; see the source for copying conditions.  There is NO
warranty; not even for MERCHANTABILITY or FITNESS FOR A PARTICULAR PURPOSE.

configure:3285: $? = 0
configure:3274: arm-hsan-linux-uclibcgnueabi-g++ -v >&5
Using built-in specs.
Target: arm-hsan-linux-uclibcgnueabi
Configured with: /home/majun/ct-ng/ct-ng_build/build_target/src/gcc-4.4.6/configure --build=i686-build_pc-linux-gnu --host=i686-build_pc-linux-gnu --target=arm-hsan-linux-uclibcgnueabi --prefix=/home/majun/ct-ng/ct-ng_build/../x-tools/arm-hsan-linux-uclibcgnueabi --with-sysroot=/home/majun/ct-ng/ct-ng_build/../x-tools/arm-hsan-linux-uclibcgnueabi/arm-hsan-linux-uclibcgnueabi/sysroot --enable-languages=c,c++ --disable-multilib --with-float=soft --with-pkgversion='crosstool-NG 1.13.2 - hsan-5115' --enable-__cxa_atexit --disable-libmudflap --disable-libgomp --disable-libssp --with-gmp=/home/majun/ct-ng/ct-ng_build/build_target/arm-hsan-linux-uclibcgnueabi/build/static --with-mpfr=/home/majun/ct-ng/ct-ng_build/build_target/arm-hsan-linux-uclibcgnueabi/build/static --with-ppl=/home/majun/ct-ng/ct-ng_build/build_target/arm-hsan-linux-uclibcgnueabi/build/static --with-cloog=/home/majun/ct-ng/ct-ng_build/build_target/arm-hsan-linux-uclibcgnueabi/build/static --with-host-libstdcxx='-static-libgcc -Wl,-Bstatic,-lstdc++,-Bdynamic -lm' --enable-threads=posix --enable-target-optspace --with-local-prefix=/home/majun/ct-ng/ct-ng_build/../x-tools/arm-hsan-linux-uclibcgnueabi/arm-hsan-linux-uclibcgnueabi/sysroot --disable-nls --enable-c99 --enable-long-long
Thread model: posix
gcc version 4.4.6 (crosstool-NG 1.13.2 - hsan-5115) 
configure:3285: $? = 0
configure:3274: arm-hsan-linux-uclibcgnueabi-g++ -V >&5
arm-hsan-linux-uclibcgnueabi-g++: '-V' option must have argument
configure:3285: $? = 1
configure:3274: arm-hsan-linux-uclibcgnueabi-g++ -qversion >&5
arm-hsan-linux-uclibcgnueabi-g++: unrecognized option '-qversion'
arm-hsan-linux-uclibcgnueabi-g++: no input files
configure:3285: $? = 1
configure:3289: checking whether we are using the GNU C++ compiler
configure:3308: arm-hsan-linux-uclibcgnueabi-g++ -c   conftest.cpp >&5
configure:3308: $? = 0
configure:3317: result: yes
configure:3326: checking whether arm-hsan-linux-uclibcgnueabi-g++ accepts -g
configure:3346: arm-hsan-linux-uclibcgnueabi-g++ -c -g  conftest.cpp >&5
configure:3346: $? = 0
configure:3387: result: yes
configure:3439: checking for a BSD-compatible install
configure:3507: result: /usr/bin/install -c
configure:3518: checking whether build environment is sane
configure:3568: result: yes
configure:3617: checking for arm-hsan-linux-uclibcgnueabi-strip
configure:3633: found /home/huangzhe/tools/toolchain/bin/arm-hsan-linux-uclibcgnueabi-strip
configure:3644: result: arm-hsan-linux-uclibcgnueabi-strip
configure:3709: checking for a thread-safe mkdir -p
configure:3748: result: /bin/mkdir -p
configure:3761: checking for gawk
configure:3791: result: no
configure:3761: checking for mawk
configure:3777: found /usr/bin/mawk
configure:3788: result: mawk
configure:3799: checking whether make sets $(MAKE)
configure:3821: result: yes
configure:3851: checking for style of include used by make
configure:3879: result: GNU
configure:3965: checking dependency style of arm-hsan-linux-uclibcgnueabi-gcc
configure:4076: result: gcc3
configure:4093: checking dependency style of arm-hsan-linux-uclibcgnueabi-g++
configure:4204: result: gcc3
configure:4223: checking whether to enable maintainer-specific portions of Makefiles
configure:4232: result: yes
configure:4281: checking build system type
configure:4295: result: i686-pc-linux-gnu
configure:4315: checking host system type
configure:4328: result: arm-hsan-linux-uclibcgnueabi
configure:4369: checking how to print strings
configure:4396: result: printf
configure:4417: checking for a sed that does not truncate output
configure:4481: result: /bin/sed
configure:4499: checking for grep that handles long lines and -e
configure:4557: result: /bin/grep
configure:4562: checking for egrep
configure:4624: result: /bin/grep -E
configure:4629: checking for fgrep
configure:4691: result: /bin/grep -F
configure:4726: checking for ld used by arm-hsan-linux-uclibcgnueabi-gcc
configure:4793: result: /home/huangzhe/tools/toolchain/arm-hsan-linux-uclibcgnueabi/bin/ld
configure:4800: checking if the linker (/home/huangzhe/tools/toolchain/arm-hsan-linux-uclibcgnueabi/bin/ld) is GNU ld
configure:4815: result: yes
configure:4827: checking for BSD- or MS-compatible name lister (nm)
configure:4876: result: /home/huangzhe/tools/toolchain/bin/arm-hsan-linux-uclibcgnueabi-nm -B
configure:5006: checking the name lister (/home/huangzhe/tools/toolchain/bin/arm-hsan-linux-uclibcgnueabi-nm -B) interface
configure:5013: arm-hsan-linux-uclibcgnueabi-gcc -c -g -O2  conftest.c >&5
configure:5016: /home/huangzhe/tools/toolchain/bin/arm-hsan-linux-uclibcgnueabi-nm -B "conftest.o"
configure:5019: output
00000000 B some_variable
configure:5026: result: BSD nm
configure:5029: checking whether ln -s works
configure:5033: result: yes
configure:5041: checking the maximum length of command line arguments
configure:5171: result: 805306365
configure:5188: checking whether the shell understands some XSI constructs
configure:5198: result: yes
configure:5202: checking whether the shell understands "+="
configure:5208: result: yes
configure:5243: checking how to convert i686-pc-linux-gnu file names to arm-hsan-linux-uclibcgnueabi format
configure:5283: result: func_convert_file_noop
configure:5290: checking how to convert i686-pc-linux-gnu file names to toolchain format
configure:5310: result: func_convert_file_noop
configure:5317: checking for /home/huangzhe/tools/toolchain/arm-hsan-linux-uclibcgnueabi/bin/ld option to reload object files
configure:5324: result: -r
configure:5358: checking for arm-hsan-linux-uclibcgnueabi-objdump
configure:5374: found /home/huangzhe/tools/toolchain/bin/arm-hsan-linux-uclibcgnueabi-objdump
configure:5385: result: arm-hsan-linux-uclibcgnueabi-objdump
configure:5457: checking how to recognize dependent libraries
configure:5659: result: pass_all
configure:5704: checking for arm-hsan-linux-uclibcgnueabi-dlltool
configure:5734: result: no
configure:5744: checking for dlltool
configure:5774: result: no
configure:5804: checking how to associate runtime and link libraries
configure:5831: result: printf %s\n
configure:5848: checking for arm-hsan-linux-uclibcgnueabi-ar
configure:5864: found /home/huangzhe/tools/toolchain/bin/arm-hsan-linux-uclibcgnueabi-ar
configure:5875: result: arm-hsan-linux-uclibcgnueabi-ar
configure:5956: checking for archiver @FILE support
configure:5973: arm-hsan-linux-uclibcgnueabi-gcc -c -g -O2  conftest.c >&5
configure:5973: $? = 0
configure:5976: arm-hsan-linux-uclibcgnueabi-ar cru libconftest.a @conftest.lst >&5
configure:5979: $? = 0
configure:5984: arm-hsan-linux-uclibcgnueabi-ar cru libconftest.a @conftest.lst >&5
arm-hsan-linux-uclibcgnueabi-ar: conftest.o: No such file or directory
configure:5987: $? = 1
configure:5999: result: @
configure:6017: checking for arm-hsan-linux-uclibcgnueabi-strip
configure:6044: result: arm-hsan-linux-uclibcgnueabi-strip
configure:6116: checking for arm-hsan-linux-uclibcgnueabi-ranlib
configure:6132: found /home/huangzhe/tools/toolchain/bin/arm-hsan-linux-uclibcgnueabi-ranlib
configure:6143: result: arm-hsan-linux-uclibcgnueabi-ranlib
configure:6285: checking command to parse /home/huangzhe/tools/toolchain/bin/arm-hsan-linux-uclibcgnueabi-nm -B output from arm-hsan-linux-uclibcgnueabi-gcc object
configure:6405: arm-hsan-linux-uclibcgnueabi-gcc -c -g -O2  conftest.c >&5
configure:6408: $? = 0
configure:6412: /home/huangzhe/tools/toolchain/bin/arm-hsan-linux-uclibcgnueabi-nm -B conftest.o \| sed -n -e 's/^.*[ ]\([ABCDGIRSTW][ABCDGIRSTW]*\)[ ][ ]*\([_A-Za-z][_A-Za-z0-9]*\)$/\1 \2 \2/p' | sed '/ __gnu_lto/d' \> conftest.nm
configure:6415: $? = 0
configure:6481: arm-hsan-linux-uclibcgnueabi-gcc -o conftest -g -O2   conftest.c conftstm.o >&5
configure:6484: $? = 0
configure:6522: result: ok
configure:6559: checking for sysroot
configure:6589: result: no
configure:6805: checking for arm-hsan-linux-uclibcgnueabi-mt
configure:6835: result: no
configure:6845: checking for mt
configure:6861: found /bin/mt
configure:6872: result: mt
configure:6884: WARNING: using cross tools not prefixed with host triplet
configure:6895: checking if mt is a manifest tool
configure:6901: mt '-?'
configure:6909: result: no
configure:7551: checking how to run the C preprocessor
configure:7582: arm-hsan-linux-uclibcgnueabi-gcc -E  conftest.c
configure:7582: $? = 0
configure:7596: arm-hsan-linux-uclibcgnueabi-gcc -E  conftest.c
conftest.c:11:28: error: ac_nonexistent.h: No such file or directory
configure:7596: $? = 1
configure: failed program was:
| /* confdefs.h */
| #define PACKAGE_NAME ""
| #define PACKAGE_TARNAME ""
| #define PACKAGE_VERSION ""
| #define PACKAGE_STRING ""
| #define PACKAGE_BUGREPORT ""
| #define PACKAGE_URL ""
| #define PACKAGE "wifidog"
| #define VERSION "20130917"
| /* end confdefs.h.  */
| #include <ac_nonexistent.h>
configure:7621: result: arm-hsan-linux-uclibcgnueabi-gcc -E
configure:7641: arm-hsan-linux-uclibcgnueabi-gcc -E  conftest.c
configure:7641: $? = 0
configure:7655: arm-hsan-linux-uclibcgnueabi-gcc -E  conftest.c
conftest.c:11:28: error: ac_nonexistent.h: No such file or directory
configure:7655: $? = 1
configure: failed program was:
| /* confdefs.h */
| #define PACKAGE_NAME ""
| #define PACKAGE_TARNAME ""
| #define PACKAGE_VERSION ""
| #define PACKAGE_STRING ""
| #define PACKAGE_BUGREPORT ""
| #define PACKAGE_URL ""
| #define PACKAGE "wifidog"
| #define VERSION "20130917"
| /* end confdefs.h.  */
| #include <ac_nonexistent.h>
configure:7684: checking for ANSI C header files
configure:7704: arm-hsan-linux-uclibcgnueabi-gcc -c -g -O2  conftest.c >&5
configure:7704: $? = 0
configure:7788: result: yes
configure:7801: checking for sys/types.h
configure:7801: arm-hsan-linux-uclibcgnueabi-gcc -c -g -O2  conftest.c >&5
configure:7801: $? = 0
configure:7801: result: yes
configure:7801: checking for sys/stat.h
configure:7801: arm-hsan-linux-uclibcgnueabi-gcc -c -g -O2  conftest.c >&5
configure:7801: $? = 0
configure:7801: result: yes
configure:7801: checking for stdlib.h
configure:7801: arm-hsan-linux-uclibcgnueabi-gcc -c -g -O2  conftest.c >&5
configure:7801: $? = 0
configure:7801: result: yes
configure:7801: checking for string.h
configure:7801: arm-hsan-linux-uclibcgnueabi-gcc -c -g -O2  conftest.c >&5
configure:7801: $? = 0
configure:7801: result: yes
configure:7801: checking for memory.h
configure:7801: arm-hsan-linux-uclibcgnueabi-gcc -c -g -O2  conftest.c >&5
configure:7801: $? = 0
configure:7801: result: yes
configure:7801: checking for strings.h
configure:7801: arm-hsan-linux-uclibcgnueabi-gcc -c -g -O2  conftest.c >&5
configure:7801: $? = 0
configure:7801: result: yes
configure:7801: checking for inttypes.h
configure:7801: arm-hsan-linux-uclibcgnueabi-gcc -c -g -O2  conftest.c >&5
configure:7801: $? = 0
configure:7801: result: yes
configure:7801: checking for stdint.h
configure:7801: arm-hsan-linux-uclibcgnueabi-gcc -c -g -O2  conftest.c >&5
configure:7801: $? = 0
configure:7801: result: yes
configure:7801: checking for unistd.h
configure:7801: arm-hsan-linux-uclibcgnueabi-gcc -c -g -O2  conftest.c >&5
configure:7801: $? = 0
configure:7801: result: yes
configure:7815: checking for dlfcn.h
configure:7815: arm-hsan-linux-uclibcgnueabi-gcc -c -g -O2  conftest.c >&5
configure:7815: $? = 0
configure:7815: result: yes
configure:8030: checking for objdir
configure:8045: result: .libs
configure:8312: checking if arm-hsan-linux-uclibcgnueabi-gcc supports -fno-rtti -fno-exceptions
configure:8330: arm-hsan-linux-uclibcgnueabi-gcc -c -g -O2  -fno-rtti -fno-exceptions conftest.c >&5
cc1: warning: command line option "-fno-rtti" is valid for C++/ObjC++ but not for C
configure:8334: $? = 0
configure:8347: result: no
configure:8674: checking for arm-hsan-linux-uclibcgnueabi-gcc option to produce PIC
configure:8681: result: -fPIC -DPIC
configure:8689: checking if arm-hsan-linux-uclibcgnueabi-gcc PIC flag -fPIC -DPIC works
configure:8707: arm-hsan-linux-uclibcgnueabi-gcc -c -g -O2  -fPIC -DPIC -DPIC conftest.c >&5
configure:8711: $? = 0
configure:8724: result: yes
configure:8753: checking if arm-hsan-linux-uclibcgnueabi-gcc static flag -static works
configure:8781: result: yes
configure:8796: checking if arm-hsan-linux-uclibcgnueabi-gcc supports -c -o file.o
configure:8817: arm-hsan-linux-uclibcgnueabi-gcc -c -g -O2  -o out/conftest2.o conftest.c >&5
configure:8821: $? = 0
configure:8843: result: yes
configure:8851: checking if arm-hsan-linux-uclibcgnueabi-gcc supports -c -o file.o
configure:8898: result: yes
configure:8931: checking whether the arm-hsan-linux-uclibcgnueabi-gcc linker (/home/huangzhe/tools/toolchain/arm-hsan-linux-uclibcgnueabi/bin/ld) supports shared libraries
configure:10088: result: yes
configure:10125: checking whether -lc should be explicitly linked in
configure:10133: arm-hsan-linux-uclibcgnueabi-gcc -c -g -O2  conftest.c >&5
configure:10136: $? = 0
configure:10151: arm-hsan-linux-uclibcgnueabi-gcc -shared  -fPIC -DPIC conftest.o  -v -Wl,-soname -Wl,conftest -o conftest 2\>\&1 \| /bin/grep  -lc  \>/dev/null 2\>\&1
configure:10154: $? = 0
configure:10168: result: no
configure:10328: checking dynamic linker characteristics
configure:10839: arm-hsan-linux-uclibcgnueabi-gcc -o conftest -g -O2   -Wl,-rpath -Wl,/foo conftest.c  >&5
configure:10839: $? = 0
configure:11073: result: GNU/Linux ld.so
configure:11180: checking how to hardcode library paths into programs
configure:11205: result: immediate
configure:11299: checking for shl_load
configure:11299: arm-hsan-linux-uclibcgnueabi-gcc -o conftest -g -O2   conftest.c  >&5
/tmp/ccqhJyCN.o: In function `main':
/home/huangzhe/chenfw/wifidog-zj/conftest.c:57: undefined reference to `shl_load'
collect2: ld returned 1 exit status
configure:11299: $? = 1
configure: failed program was:
| /* confdefs.h */
| #define PACKAGE_NAME ""
| #define PACKAGE_TARNAME ""
| #define PACKAGE_VERSION ""
| #define PACKAGE_STRING ""
| #define PACKAGE_BUGREPORT ""
| #define PACKAGE_URL ""
| #define PACKAGE "wifidog"
| #define VERSION "20130917"
| #define STDC_HEADERS 1
| #define HAVE_SYS_TYPES_H 1
| #define HAVE_SYS_STAT_H 1
| #define HAVE_STDLIB_H 1
| #define HAVE_STRING_H 1
| #define HAVE_MEMORY_H 1
| #define HAVE_STRINGS_H 1
| #define HAVE_INTTYPES_H 1
| #define HAVE_STDINT_H 1
| #define HAVE_UNISTD_H 1
| #define HAVE_DLFCN_H 1
| #define LT_OBJDIR ".libs/"
| /* end confdefs.h.  */
| /* Define shl_load to an innocuous variant, in case <limits.h> declares shl_load.
|    For example, HP-UX 11i <limits.h> declares gettimeofday.  */
| #define shl_load innocuous_shl_load
| 
| /* System header to define __stub macros and hopefully few prototypes,
|     which can conflict with char shl_load (); below.
|     Prefer <limits.h> to <assert.h> if __STDC__ is defined, since
|     <limits.h> exists even on freestanding compilers.  */
| 
| #ifdef __STDC__
| # include <limits.h>
| #else
| # include <assert.h>
| #endif
| 
| #undef shl_load
| 
| /* Override any GCC internal prototype to avoid an error.
|    Use char because int might match the return type of a GCC
|    builtin and then its argument prototype would still apply.  */
| #ifdef __cplusplus
| extern "C"
| #endif
| char shl_load ();
| /* The GNU C library defines this for functions which it implements
|     to always fail with ENOSYS.  Some functions are actually named
|     something starting with __ and the normal name is an alias.  */
| #if defined __stub_shl_load || defined __stub___shl_load
| choke me
| #endif
| 
| int
| main ()
| {
| return shl_load ();
|   ;
|   return 0;
| }
configure:11299: result: no
configure:11303: checking for shl_load in -ldld
configure:11328: arm-hsan-linux-uclibcgnueabi-gcc -o conftest -g -O2   conftest.c -ldld   >&5
/home/huangzhe/tools/toolchain/bin/../lib/gcc/arm-hsan-linux-uclibcgnueabi/4.4.6/../../../../arm-hsan-linux-uclibcgnueabi/bin/ld: cannot find -ldld
collect2: ld returned 1 exit status
configure:11328: $? = 1
configure: failed program was:
| /* confdefs.h */
| #define PACKAGE_NAME ""
| #define PACKAGE_TARNAME ""
| #define PACKAGE_VERSION ""
| #define PACKAGE_STRING ""
| #define PACKAGE_BUGREPORT ""
| #define PACKAGE_URL ""
| #define PACKAGE "wifidog"
| #define VERSION "20130917"
| #define STDC_HEADERS 1
| #define HAVE_SYS_TYPES_H 1
| #define HAVE_SYS_STAT_H 1
| #define HAVE_STDLIB_H 1
| #define HAVE_STRING_H 1
| #define HAVE_MEMORY_H 1
| #define HAVE_STRINGS_H 1
| #define HAVE_INTTYPES_H 1
| #define HAVE_STDINT_H 1
| #define HAVE_UNISTD_H 1
| #define HAVE_DLFCN_H 1
| #define LT_OBJDIR ".libs/"
| /* end confdefs.h.  */
| 
| /* Override any GCC internal prototype to avoid an error.
|    Use char because int might match the return type of a GCC
|    builtin and then its argument prototype would still apply.  */
| #ifdef __cplusplus
| extern "C"
| #endif
| char shl_load ();
| int
| main ()
| {
| return shl_load ();
|   ;
|   return 0;
| }
configure:11337: result: no
configure:11342: checking for dlopen
configure:11342: arm-hsan-linux-uclibcgnueabi-gcc -o conftest -g -O2   conftest.c  >&5
/tmp/ccUwzT5S.o: In function `main':
/home/huangzhe/chenfw/wifidog-zj/conftest.c:57: undefined reference to `dlopen'
collect2: ld returned 1 exit status
configure:11342: $? = 1
configure: failed program was:
| /* confdefs.h */
| #define PACKAGE_NAME ""
| #define PACKAGE_TARNAME ""
| #define PACKAGE_VERSION ""
| #define PACKAGE_STRING ""
| #define PACKAGE_BUGREPORT ""
| #define PACKAGE_URL ""
| #define PACKAGE "wifidog"
| #define VERSION "20130917"
| #define STDC_HEADERS 1
| #define HAVE_SYS_TYPES_H 1
| #define HAVE_SYS_STAT_H 1
| #define HAVE_STDLIB_H 1
| #define HAVE_STRING_H 1
| #define HAVE_MEMORY_H 1
| #define HAVE_STRINGS_H 1
| #define HAVE_INTTYPES_H 1
| #define HAVE_STDINT_H 1
| #define HAVE_UNISTD_H 1
| #define HAVE_DLFCN_H 1
| #define LT_OBJDIR ".libs/"
| /* end confdefs.h.  */
| /* Define dlopen to an innocuous variant, in case <limits.h> declares dlopen.
|    For example, HP-UX 11i <limits.h> declares gettimeofday.  */
| #define dlopen innocuous_dlopen
| 
| /* System header to define __stub macros and hopefully few prototypes,
|     which can conflict with char dlopen (); below.
|     Prefer <limits.h> to <assert.h> if __STDC__ is defined, since
|     <limits.h> exists even on freestanding compilers.  */
| 
| #ifdef __STDC__
| # include <limits.h>
| #else
| # include <assert.h>
| #endif
| 
| #undef dlopen
| 
| /* Override any GCC internal prototype to avoid an error.
|    Use char because int might match the return type of a GCC
|    builtin and then its argument prototype would still apply.  */
| #ifdef __cplusplus
| extern "C"
| #endif
| char dlopen ();
| /* The GNU C library defines this for functions which it implements
|     to always fail with ENOSYS.  Some functions are actually named
|     something starting with __ and the normal name is an alias.  */
| #if defined __stub_dlopen || defined __stub___dlopen
| choke me
| #endif
| 
| int
| main ()
| {
| return dlopen ();
|   ;
|   return 0;
| }
configure:11342: result: no
configure:11346: checking for dlopen in -ldl
configure:11371: arm-hsan-linux-uclibcgnueabi-gcc -o conftest -g -O2   conftest.c -ldl   >&5
configure:11371: $? = 0
configure:11380: result: yes
configure:11499: checking whether a program can dlopen itself
configure:11600: result: cross
configure:11745: checking whether stripping libraries is possible
configure:11750: result: yes
configure:11785: checking if libtool supports shared libraries
configure:11787: result: yes
configure:11790: checking whether to build shared libraries
configure:11811: result: yes
configure:11814: checking whether to build static libraries
configure:11818: result: yes
configure:11841: checking how to run the C++ preprocessor
configure:11868: arm-hsan-linux-uclibcgnueabi-g++ -E  conftest.cpp
configure:11868: $? = 0
configure:11882: arm-hsan-linux-uclibcgnueabi-g++ -E  conftest.cpp
conftest.cpp:23:28: error: ac_nonexistent.h: No such file or directory
configure:11882: $? = 1
configure: failed program was:
| /* confdefs.h */
| #define PACKAGE_NAME ""
| #define PACKAGE_TARNAME ""
| #define PACKAGE_VERSION ""
| #define PACKAGE_STRING ""
| #define PACKAGE_BUGREPORT ""
| #define PACKAGE_URL ""
| #define PACKAGE "wifidog"
| #define VERSION "20130917"
| #define STDC_HEADERS 1
| #define HAVE_SYS_TYPES_H 1
| #define HAVE_SYS_STAT_H 1
| #define HAVE_STDLIB_H 1
| #define HAVE_STRING_H 1
| #define HAVE_MEMORY_H 1
| #define HAVE_STRINGS_H 1
| #define HAVE_INTTYPES_H 1
| #define HAVE_STDINT_H 1
| #define HAVE_UNISTD_H 1
| #define HAVE_DLFCN_H 1
| #define LT_OBJDIR ".libs/"
| /* end confdefs.h.  */
| #include <ac_nonexistent.h>
configure:11907: result: arm-hsan-linux-uclibcgnueabi-g++ -E
configure:11927: arm-hsan-linux-uclibcgnueabi-g++ -E  conftest.cpp
configure:11927: $? = 0
configure:11941: arm-hsan-linux-uclibcgnueabi-g++ -E  conftest.cpp
conftest.cpp:23:28: error: ac_nonexistent.h: No such file or directory
configure:11941: $? = 1
configure: failed program was:
| /* confdefs.h */
| #define PACKAGE_NAME ""
| #define PACKAGE_TARNAME ""
| #define PACKAGE_VERSION ""
| #define PACKAGE_STRING ""
| #define PACKAGE_BUGREPORT ""
| #define PACKAGE_URL ""
| #define PACKAGE "wifidog"
| #define VERSION "20130917"
| #define STDC_HEADERS 1
| #define HAVE_SYS_TYPES_H 1
| #define HAVE_SYS_STAT_H 1
| #define HAVE_STDLIB_H 1
| #define HAVE_STRING_H 1
| #define HAVE_MEMORY_H 1
| #define HAVE_STRINGS_H 1
| #define HAVE_INTTYPES_H 1
| #define HAVE_STDINT_H 1
| #define HAVE_UNISTD_H 1
| #define HAVE_DLFCN_H 1
| #define LT_OBJDIR ".libs/"
| /* end confdefs.h.  */
| #include <ac_nonexistent.h>
configure:12110: checking for ld used by arm-hsan-linux-uclibcgnueabi-g++
configure:12177: result: /home/huangzhe/tools/toolchain/arm-hsan-linux-uclibcgnueabi/bin/ld
configure:12184: checking if the linker (/home/huangzhe/tools/toolchain/arm-hsan-linux-uclibcgnueabi/bin/ld) is GNU ld
configure:12199: result: yes
configure:12254: checking whether the arm-hsan-linux-uclibcgnueabi-g++ linker (/home/huangzhe/tools/toolchain/arm-hsan-linux-uclibcgnueabi/bin/ld) supports shared libraries
configure:13259: result: yes
configure:13295: arm-hsan-linux-uclibcgnueabi-g++ -c -g -O2  conftest.cpp >&5
configure:13298: $? = 0
configure:13818: checking for arm-hsan-linux-uclibcgnueabi-g++ option to produce PIC
configure:13825: result: -fPIC -DPIC
configure:13833: checking if arm-hsan-linux-uclibcgnueabi-g++ PIC flag -fPIC -DPIC works
configure:13851: arm-hsan-linux-uclibcgnueabi-g++ -c -g -O2  -fPIC -DPIC -DPIC conftest.cpp >&5
configure:13855: $? = 0
configure:13868: result: yes
configure:13891: checking if arm-hsan-linux-uclibcgnueabi-g++ static flag -static works
configure:13919: result: yes
configure:13931: checking if arm-hsan-linux-uclibcgnueabi-g++ supports -c -o file.o
configure:13952: arm-hsan-linux-uclibcgnueabi-g++ -c -g -O2  -o out/conftest2.o conftest.cpp >&5
configure:13956: $? = 0
configure:13978: result: yes
configure:13983: checking if arm-hsan-linux-uclibcgnueabi-g++ supports -c -o file.o
configure:14030: result: yes
configure:14060: checking whether the arm-hsan-linux-uclibcgnueabi-g++ linker (/home/huangzhe/tools/toolchain/arm-hsan-linux-uclibcgnueabi/bin/ld) supports shared libraries
configure:14099: result: yes
configure:14240: checking dynamic linker characteristics
configure:14919: result: GNU/Linux ld.so
configure:14972: checking how to hardcode library paths into programs
configure:14997: result: immediate
configure:15059: checking for library containing strerror
configure:15090: arm-hsan-linux-uclibcgnueabi-gcc -o conftest -g -O2   conftest.c  >&5
configure:15090: $? = 0
configure:15107: result: none required
configure:15115: checking whether byte ordering is bigendian
configure:15130: arm-hsan-linux-uclibcgnueabi-gcc -c -g -O2  conftest.c >&5
conftest.c:24: error: expected '=', ',', ';', 'asm' or '__attribute__' before 'a'
configure:15130: $? = 1
configure: failed program was:
| /* confdefs.h */
| #define PACKAGE_NAME ""
| #define PACKAGE_TARNAME ""
| #define PACKAGE_VERSION ""
| #define PACKAGE_STRING ""
| #define PACKAGE_BUGREPORT ""
| #define PACKAGE_URL ""
| #define PACKAGE "wifidog"
| #define VERSION "20130917"
| #define STDC_HEADERS 1
| #define HAVE_SYS_TYPES_H 1
| #define HAVE_SYS_STAT_H 1
| #define HAVE_STDLIB_H 1
| #define HAVE_STRING_H 1
| #define HAVE_MEMORY_H 1
| #define HAVE_STRINGS_H 1
| #define HAVE_INTTYPES_H 1
| #define HAVE_STDINT_H 1
| #define HAVE_UNISTD_H 1
| #define HAVE_DLFCN_H 1
| #define LT_OBJDIR ".libs/"
| /* end confdefs.h.  */
| #ifndef __APPLE_CC__
| 	       not a universal capable compiler
| 	     #endif
| 	     typedef int dummy;
| 
configure:15175: arm-hsan-linux-uclibcgnueabi-gcc -c -g -O2  conftest.c >&5
configure:15175: $? = 0
configure:15193: arm-hsan-linux-uclibcgnueabi-gcc -c -g -O2  conftest.c >&5
conftest.c: In function 'main':
conftest.c:30: error: 'not' undeclared (first use in this function)
conftest.c:30: error: (Each undeclared identifier is reported only once
conftest.c:30: error: for each function it appears in.)
conftest.c:30: error: expected ';' before 'big'
configure:15193: $? = 1
configure: failed program was:
| /* confdefs.h */
| #define PACKAGE_NAME ""
| #define PACKAGE_TARNAME ""
| #define PACKAGE_VERSION ""
| #define PACKAGE_STRING ""
| #define PACKAGE_BUGREPORT ""
| #define PACKAGE_URL ""
| #define PACKAGE "wifidog"
| #define VERSION "20130917"
| #define STDC_HEADERS 1
| #define HAVE_SYS_TYPES_H 1
| #define HAVE_SYS_STAT_H 1
| #define HAVE_STDLIB_H 1
| #define HAVE_STRING_H 1
| #define HAVE_MEMORY_H 1
| #define HAVE_STRINGS_H 1
| #define HAVE_INTTYPES_H 1
| #define HAVE_STDINT_H 1
| #define HAVE_UNISTD_H 1
| #define HAVE_DLFCN_H 1
| #define LT_OBJDIR ".libs/"
| /* end confdefs.h.  */
| #include <sys/types.h>
| 		#include <sys/param.h>
| 
| int
| main ()
| {
| #if BYTE_ORDER != BIG_ENDIAN
| 		 not big endian
| 		#endif
| 
|   ;
|   return 0;
| }
configure:15321: result: no
configure:15339: checking whether make sets $(MAKE)
configure:15361: result: yes
configure:15370: checking for ANSI C header files
configure:15474: result: yes
configure:15519: checking for doxygen
configure:15552: result: no
configure:15637: checking pthread.h usability
configure:15637: arm-hsan-linux-uclibcgnueabi-gcc -c -g -O2  conftest.c >&5
configure:15637: $? = 0
configure:15637: result: yes
configure:15637: checking pthread.h presence
configure:15637: arm-hsan-linux-uclibcgnueabi-gcc -E  conftest.c
configure:15637: $? = 0
configure:15637: result: yes
configure:15637: checking for pthread.h
configure:15637: result: yes
configure:15645: checking for pthread_create in -lpthread
configure:15670: arm-hsan-linux-uclibcgnueabi-gcc -o conftest -g -O2   conftest.c -lpthread   >&5
configure:15670: $? = 0
configure:15679: result: yes
configure:15698: checking for string.h
configure:15698: result: yes
configure:15698: checking for strings.h
configure:15698: result: yes
configure:15698: checking stdarg.h usability
configure:15698: arm-hsan-linux-uclibcgnueabi-gcc -c -g -O2  conftest.c >&5
configure:15698: $? = 0
configure:15698: result: yes
configure:15698: checking stdarg.h presence
configure:15698: arm-hsan-linux-uclibcgnueabi-gcc -E  conftest.c
configure:15698: $? = 0
configure:15698: result: yes
configure:15698: checking for stdarg.h
configure:15698: result: yes
configure:15698: checking for unistd.h
configure:15698: result: yes
configure:15708: checking for main in -lsocket
configure:15727: arm-hsan-linux-uclibcgnueabi-gcc -o conftest -g -O2   conftest.c -lsocket  -lpthread  >&5
/home/huangzhe/tools/toolchain/bin/../lib/gcc/arm-hsan-linux-uclibcgnueabi/4.4.6/../../../../arm-hsan-linux-uclibcgnueabi/bin/ld: cannot find -lsocket
collect2: ld returned 1 exit status
configure:15727: $? = 1
configure: failed program was:
| /* confdefs.h */
| #define PACKAGE_NAME ""
| #define PACKAGE_TARNAME ""
| #define PACKAGE_VERSION ""
| #define PACKAGE_STRING ""
| #define PACKAGE_BUGREPORT ""
| #define PACKAGE_URL ""
| #define PACKAGE "wifidog"
| #define VERSION "20130917"
| #define STDC_HEADERS 1
| #define HAVE_SYS_TYPES_H 1
| #define HAVE_SYS_STAT_H 1
| #define HAVE_STDLIB_H 1
| #define HAVE_STRING_H 1
| #define HAVE_MEMORY_H 1
| #define HAVE_STRINGS_H 1
| #define HAVE_INTTYPES_H 1
| #define HAVE_STDINT_H 1
| #define HAVE_UNISTD_H 1
| #define HAVE_DLFCN_H 1
| #define LT_OBJDIR ".libs/"
| #define STDC_HEADERS 1
| #define HAVE_LIBPTHREAD 1
| #define HAVE_STRING_H 1
| #define HAVE_STRINGS_H 1
| #define HAVE_STDARG_H 1
| #define HAVE_UNISTD_H 1
| /* end confdefs.h.  */
| 
| 
| int
| main ()
| {
| return main ();
|   ;
|   return 0;
| }
configure:15736: result: no
configure:15748: checking for main in -lnsl
configure:15767: arm-hsan-linux-uclibcgnueabi-gcc -o conftest -g -O2   conftest.c -lnsl  -lpthread  >&5
configure:15767: $? = 0
configure:15776: result: yes
configure:15939: creating ./config.status

## ---------------- ##
## Cache variables. ##
## ---------------- ##

ac_cv_build=i686-pc-linux-gnu
ac_cv_c_bigendian=no
ac_cv_c_compiler_gnu=yes
ac_cv_cxx_compiler_gnu=yes
ac_cv_env_CCC_set=
ac_cv_env_CCC_value=
ac_cv_env_CC_set=
ac_cv_env_CC_value=
ac_cv_env_CFLAGS_set=
ac_cv_env_CFLAGS_value=
ac_cv_env_CPPFLAGS_set=
ac_cv_env_CPPFLAGS_value=
ac_cv_env_CPP_set=
ac_cv_env_CPP_value=
ac_cv_env_CXXCPP_set=
ac_cv_env_CXXCPP_value=
ac_cv_env_CXXFLAGS_set=
ac_cv_env_CXXFLAGS_value=
ac_cv_env_CXX_set=
ac_cv_env_CXX_value=
ac_cv_env_LDFLAGS_set=
ac_cv_env_LDFLAGS_value=
ac_cv_env_LIBS_set=
ac_cv_env_LIBS_value=
ac_cv_env_build_alias_set=
ac_cv_env_build_alias_value=
ac_cv_env_host_alias_set=set
ac_cv_env_host_alias_value=arm-hsan-linux-uclibcgnueabi
ac_cv_env_target_alias_set=
ac_cv_env_target_alias_value=
ac_cv_func_dlopen=no
ac_cv_func_shl_load=no
ac_cv_header_dlfcn_h=yes
ac_cv_header_inttypes_h=yes
ac_cv_header_memory_h=yes
ac_cv_header_pthread_h=yes
ac_cv_header_stdarg_h=yes
ac_cv_header_stdc=yes
ac_cv_header_stdint_h=yes
ac_cv_header_stdlib_h=yes
ac_cv_header_string_h=yes
ac_cv_header_strings_h=yes
ac_cv_header_sys_stat_h=yes
ac_cv_header_sys_types_h=yes
ac_cv_header_unistd_h=yes
ac_cv_host=arm-hsan-linux-uclibcgnueabi
ac_cv_lib_dl_dlopen=yes
ac_cv_lib_dld_shl_load=no
ac_cv_lib_nsl=ac_cv_lib_nsl_main
ac_cv_lib_nsl_main=yes
ac_cv_lib_pthread_pthread_create=yes
ac_cv_lib_socket=ac_cv_lib_socket_main
ac_cv_lib_socket_main=no
ac_cv_objext=o
ac_cv_path_EGREP='/bin/grep -E'
ac_cv_path_FGREP='/bin/grep -F'
ac_cv_path_GREP=/bin/grep
ac_cv_path_SED=/bin/sed
ac_cv_path_install='/usr/bin/install -c'
ac_cv_path_mkdir=/bin/mkdir
ac_cv_prog_AR=arm-hsan-linux-uclibcgnueabi-ar
ac_cv_prog_AWK=mawk
ac_cv_prog_CC=arm-hsan-linux-uclibcgnueabi-gcc
ac_cv_prog_CPP='arm-hsan-linux-uclibcgnueabi-gcc -E'
ac_cv_prog_CXX=arm-hsan-linux-uclibcgnueabi-g++
ac_cv_prog_CXXCPP='arm-hsan-linux-uclibcgnueabi-g++ -E'
ac_cv_prog_OBJDUMP=arm-hsan-linux-uclibcgnueabi-objdump
ac_cv_prog_RANLIB=arm-hsan-linux-uclibcgnueabi-ranlib
ac_cv_prog_STRIP=arm-hsan-linux-uclibcgnueabi-strip
ac_cv_prog_ac_ct_MANIFEST_TOOL=mt
ac_cv_prog_cc_c89=
ac_cv_prog_cc_g=yes
ac_cv_prog_cxx_g=yes
ac_cv_prog_make_make_set=yes
ac_cv_search_strerror='none required'
am_cv_CC_dependencies_compiler_type=gcc3
am_cv_CXX_dependencies_compiler_type=gcc3
lt_cv_ar_at_file=@
lt_cv_archive_cmds_need_lc=no
lt_cv_deplibs_check_method=pass_all
lt_cv_dlopen=dlopen
lt_cv_dlopen_libs=-ldl
lt_cv_dlopen_self=cross
lt_cv_file_magic_cmd='$MAGIC_CMD'
lt_cv_file_magic_test_file=
lt_cv_ld_reload_flag=-r
lt_cv_nm_interface='BSD nm'
lt_cv_objdir=.libs
lt_cv_path_LD=/home/huangzhe/tools/toolchain/arm-hsan-linux-uclibcgnueabi/bin/ld
lt_cv_path_LDCXX=/home/huangzhe/tools/toolchain/arm-hsan-linux-uclibcgnueabi/bin/ld
lt_cv_path_NM='/home/huangzhe/tools/toolchain/bin/arm-hsan-linux-uclibcgnueabi-nm -B'
lt_cv_path_mainfest_tool=no
lt_cv_prog_compiler_c_o=yes
lt_cv_prog_compiler_c_o_CXX=yes
lt_cv_prog_compiler_pic='-fPIC -DPIC'
lt_cv_prog_compiler_pic_CXX='-fPIC -DPIC'
lt_cv_prog_compiler_pic_works=yes
lt_cv_prog_compiler_pic_works_CXX=yes
lt_cv_prog_compiler_rtti_exceptions=no
lt_cv_prog_compiler_static_works=yes
lt_cv_prog_compiler_static_works_CXX=yes
lt_cv_prog_gnu_ld=yes
lt_cv_prog_gnu_ldcxx=yes
lt_cv_sharedlib_from_linklib_cmd='printf %s\n'
lt_cv_shlibpath_overrides_runpath=no
lt_cv_sys_global_symbol_pipe='sed -n -e '\''s/^.*[	 ]\([ABCDGIRSTW][ABCDGIRSTW]*\)[	 ][	 ]*\([_A-Za-z][_A-Za-z0-9]*\)$/\1 \2 \2/p'\'' | sed '\''/ __gnu_lto/d'\'''
lt_cv_sys_global_symbol_to_c_name_address='sed -n -e '\''s/^: \([^ ]*\)[ ]*$/  {\"\1\", (void *) 0},/p'\'' -e '\''s/^[ABCDGIRSTW]* \([^ ]*\) \([^ ]*\)$/  {"\2", (void *) \&\2},/p'\'''
lt_cv_sys_global_symbol_to_c_name_address_lib_prefix='sed -n -e '\''s/^: \([^ ]*\)[ ]*$/  {\"\1\", (void *) 0},/p'\'' -e '\''s/^[ABCDGIRSTW]* \([^ ]*\) \(lib[^ ]*\)$/  {"\2", (void *) \&\2},/p'\'' -e '\''s/^[ABCDGIRSTW]* \([^ ]*\) \([^ ]*\)$/  {"lib\2", (void *) \&\2},/p'\'''
lt_cv_sys_global_symbol_to_cdecl='sed -n -e '\''s/^T .* \(.*\)$/extern int \1();/p'\'' -e '\''s/^[ABCDGIRSTW]* .* \(.*\)$/extern char \1;/p'\'''
lt_cv_sys_max_cmd_len=805306365
lt_cv_to_host_file_cmd=func_convert_file_noop
lt_cv_to_tool_file_cmd=func_convert_file_noop

## ----------------- ##
## Output variables. ##
## ----------------- ##

ACLOCAL='${SHELL} /home/huangzhe/chenfw/wifidog-zj/config/missing --run aclocal-1.11'
AMDEPBACKSLASH='\'
AMDEP_FALSE='#'
AMDEP_TRUE=''
AMTAR='$${TAR-tar}'
AR='arm-hsan-linux-uclibcgnueabi-ar'
AUTOCONF='${SHELL} /home/huangzhe/chenfw/wifidog-zj/config/missing --run autoconf'
AUTOHEADER='${SHELL} /home/huangzhe/chenfw/wifidog-zj/config/missing --run autoheader'
AUTOMAKE='${SHELL} /home/huangzhe/chenfw/wifidog-zj/config/missing --run automake-1.11'
AWK='mawk'
BUILDROOT=''
CC='arm-hsan-linux-uclibcgnueabi-gcc'
CCDEPMODE='depmode=gcc3'
CFLAGS='-g -O2'
CPP='arm-hsan-linux-uclibcgnueabi-gcc -E'
CPPFLAGS=''
CXX='arm-hsan-linux-uclibcgnueabi-g++'
CXXCPP='arm-hsan-linux-uclibcgnueabi-g++ -E'
CXXDEPMODE='depmode=gcc3'
CXXFLAGS='-g -O2'
CYGPATH_W='echo'
DEFS='-DHAVE_CONFIG_H'
DEPDIR='.deps'
DLLTOOL='false'
DOC_FALSE=''
DOC_TRUE='#'
DOT=''
DOXYGEN=''
DSYMUTIL=''
DUMPBIN=''
ECHO_C=''
ECHO_N='-n'
ECHO_T=''
EGREP='/bin/grep -E'
ENABLE_DOXYGEN_FALSE=''
ENABLE_DOXYGEN_TRUE='#'
EXEEXT=''
FGREP='/bin/grep -F'
GREP='/bin/grep'
INSTALL_DATA='${INSTALL} -m 644'
INSTALL_PROGRAM='${INSTALL}'
INSTALL_SCRIPT='${INSTALL}'
INSTALL_STRIP_PROGRAM='$(install_sh) -c -s'
LD='/home/huangzhe/tools/toolchain/arm-hsan-linux-uclibcgnueabi/bin/ld'
LDFLAGS=''
LIBOBJS=''
LIBS='-lnsl -lpthread '
LIBTOOL='$(SHELL) $(top_builddir)/libtool'
LIPO=''
LN_S='ln -s'
LTLIBOBJS=''
MAINT=''
MAINTAINER_MODE_FALSE='#'
MAINTAINER_MODE_TRUE=''
MAKEINFO='${SHELL} /home/huangzhe/chenfw/wifidog-zj/config/missing --run makeinfo'
MANIFEST_TOOL=':'
MKDIR_P='/bin/mkdir -p'
NM='/home/huangzhe/tools/toolchain/bin/arm-hsan-linux-uclibcgnueabi-nm -B'
NMEDIT=''
OBJDUMP='arm-hsan-linux-uclibcgnueabi-objdump'
OBJEXT='o'
OTOOL64=''
OTOOL=''
PACKAGE='wifidog'
PACKAGE_BUGREPORT=''
PACKAGE_NAME=''
PACKAGE_STRING=''
PACKAGE_TARNAME=''
PACKAGE_URL=''
PACKAGE_VERSION=''
PATH_SEPARATOR=':'
RANLIB='arm-hsan-linux-uclibcgnueabi-ranlib'
SED='/bin/sed'
SET_MAKE=''
SHELL='/bin/bash'
STRIP='arm-hsan-linux-uclibcgnueabi-strip'
VERSION='20130917'
WIFIDOG_MAJOR_VERSION='1'
WIFIDOG_MICRO_VERSION='5'
WIFIDOG_MINOR_VERSION='1'
WIFIDOG_VERSION='20130917'
ac_ct_AR=''
ac_ct_CC=''
ac_ct_CXX=''
ac_ct_DUMPBIN=''
am__EXEEXT_FALSE=''
am__EXEEXT_TRUE='#'
am__fastdepCC_FALSE='#'
am__fastdepCC_TRUE=''
am__fastdepCXX_FALSE='#'
am__fastdepCXX_TRUE=''
am__include='include'
am__isrc=''
am__leading_dot='.'
am__nodep='_no'
am__quote=''
am__tar='$${TAR-tar} chof - "$$tardir"'
am__untar='$${TAR-tar} xf -'
bindir='${exec_prefix}/bin'
build='i686-pc-linux-gnu'
build_alias=''
build_cpu='i686'
build_os='linux-gnu'
build_vendor='pc'
datadir='${datarootdir}'
datarootdir='${prefix}/share'
docdir='${datarootdir}/doc/${PACKAGE}'
dvidir='${docdir}'
enable_dot='no'
enable_html_docs='yes'
enable_latex_docs='no'
exec_prefix='${prefix}'
host='arm-hsan-linux-uclibcgnueabi'
host_alias='arm-hsan-linux-uclibcgnueabi'
host_cpu='arm'
host_os='linux-uclibcgnueabi'
host_vendor='hsan'
htmldir='${docdir}'
includedir='${prefix}/include'
infodir='${datarootdir}/info'
install_sh='${SHELL} /home/huangzhe/chenfw/wifidog-zj/config/install-sh'
libdir='${exec_prefix}/lib'
libexecdir='${exec_prefix}/libexec'
localedir='${datarootdir}/locale'
localstatedir='${prefix}/var'
mandir='${datarootdir}/man'
mkdir_p='/bin/mkdir -p'
oldincludedir='/usr/include'
pdfdir='${docdir}'
prefix='/home/huangzhe/tools/install'
program_transform_name='s,x,x,'
psdir='${docdir}'
sbindir='${exec_prefix}/sbin'
sharedstatedir='${prefix}/com'
sysconfdir='${prefix}/etc'
target_alias=''

## ----------- ##
## confdefs.h. ##
## ----------- ##

/* confdefs.h */
#define PACKAGE_NAME ""
#define PACKAGE_TARNAME ""
#define PACKAGE_VERSION ""
#define PACKAGE_STRING ""
#define PACKAGE_BUGREPORT ""
#define PACKAGE_URL ""
#define PACKAGE "wifidog"
#define VERSION "20130917"
#define STDC_HEADERS 1
#define HAVE_SYS_TYPES_H 1
#define HAVE_SYS_STAT_H 1
#define HAVE_STDLIB_H 1
#define HAVE_STRING_H 1
#define HAVE_MEMORY_H 1
#define HAVE_STRINGS_H 1
#define HAVE_INTTYPES_H 1
#define HAVE_STDINT_H 1
#define HAVE_UNISTD_H 1
#define HAVE_DLFCN_H 1
#define LT_OBJDIR ".libs/"
#define STDC_HEADERS 1
#define HAVE_LIBPTHREAD 1
#define HAVE_STRING_H 1
#define HAVE_STRINGS_H 1
#define HAVE_STDARG_H 1
#define HAVE_UNISTD_H 1
#define HAVE_LIBNSL 1

configure: exit 0

## ---------------------- ##
## Running config.status. ##
## ---------------------- ##

This file was extended by config.status, which was
generated by GNU Autoconf 2.68.  Invocation command line was

  CONFIG_FILES    = 
  CONFIG_HEADERS  = 
  CONFIG_LINKS    = 
  CONFIG_COMMANDS = 
  $ ./config.status 

on ubuntu-hadoop

config.status:1177: creating Makefile
config.status:1177: creating wifidog.spec
config.status:1177: creating wifidog-msg.html
config.status:1177: creating src/Makefile
config.status:1177: creating libhttpd/Makefile
config.status:1177: creating doc/Makefile
config.status:1177: creating config.h
config.status:1358: config.h is unchanged
config.status:1406: executing depfiles commands
config.status:1406: executing libtool commands
